<?xml version="1.0" encoding="UTF-8"?>
<robot generator="Robot 6.0.1 (Python 3.7.5 on linux)" generated="20221125 00:35:25.771" rpa="false" schemaversion="3">
<suite id="s1" name="Suite" source="/test/suite">
<suite id="s1-s1" name="Test" source="/test/suite/test.robot">
<kw name="Abrir o navegador" library="hooks" type="SETUP">
<kw name="Open Browser" library="SeleniumLibrary">
<arg>about:blank</arg>
<arg>${BROWSER}</arg>
<arg>remote_url=http://192.168.1.9:4444</arg>
<doc>Opens a new browser instance to the optional ``url``.</doc>
<msg timestamp="20221125 00:35:26.725" level="INFO">Opening browser 'chrome' to base url 'about:blank' through remote server at 'http://192.168.1.9:4444'.</msg>
<status status="PASS" starttime="20221125 00:35:26.719" endtime="20221125 00:35:30.855"/>
</kw>
<status status="PASS" starttime="20221125 00:35:26.718" endtime="20221125 00:35:30.856"/>
</kw>
<test id="s1-s1-t1" name="Caso de Teste 01: Validar Home Page" line="13">
<kw name="Dado que eu acesso o site da Magazine Luiza">
<msg timestamp="20221125 00:35:30.916" level="FAIL">No keyword with name 'Dado que eu acesso o site da Magazine Luiza' found.</msg>
<status status="FAIL" starttime="20221125 00:35:30.916" endtime="20221125 00:35:30.917"/>
</kw>
<kw name="Validar &quot;titulo&quot; da home page" library="kws_homePage" sourcename="Validar ${TITULO} da home page">
<status status="NOT RUN" starttime="20221125 00:35:30.917" endtime="20221125 00:35:30.917"/>
</kw>
<kw name="Pesquisar por &quot;Geladeira&quot;" library="kws_homePage" sourcename="Pesquisar por ${GELADEIRA}">
<status status="NOT RUN" starttime="20221125 00:35:30.918" endtime="20221125 00:35:30.918"/>
</kw>
<tag>Home_page</tag>
<status status="FAIL" starttime="20221125 00:35:30.856" endtime="20221125 00:35:30.918">No keyword with name 'Dado que eu acesso o site da Magazine Luiza' found.</status>
</test>
<kw name="Fechar o navegador" library="hooks" type="TEARDOWN">
<kw name="Close Browser" library="SeleniumLibrary">
<doc>Closes the current browser.</doc>
<status status="PASS" starttime="20221125 00:35:30.938" endtime="20221125 00:35:31.512"/>
</kw>
<status status="PASS" starttime="20221125 00:35:30.936" endtime="20221125 00:35:31.514"/>
</kw>
<doc>Aqui fica a Suite de teste
Comando para executar: robot -d test/logs test/suite/test.robot</doc>
<status status="FAIL" starttime="20221125 00:35:25.866" endtime="20221125 00:35:31.514"/>
</suite>
<status status="FAIL" starttime="20221125 00:35:25.776" endtime="20221125 00:35:31.531"/>
</suite>
<statistics>
<total>
<stat pass="0" fail="1" skip="0">All Tests</stat>
</total>
<tag>
<stat pass="0" fail="1" skip="0">Home_page</stat>
</tag>
<suite>
<stat pass="0" fail="1" skip="0" id="s1" name="Suite">Suite</stat>
<stat pass="0" fail="1" skip="0" id="s1-s1" name="Test">Suite.Test</stat>
</suite>
</statistics>
<errors>
</errors>
</robot>
