<?xml version="1.0" encoding="UTF-8"?>
<robot generator="Robot 6.0.1 (Python 3.7.5 on linux)" generated="20221119 03:27:53.618" rpa="false" schemaversion="3">
<suite id="s1" name="Suite" source="/test/suite">
<suite id="s1-s1" name="Test" source="/test/suite/test.robot">
<kw name="Abrir o navegador" library="hooks" type="SETUP">
<kw name="Open Browser" library="SeleniumLibrary">
<arg>about:blank</arg>
<arg>${BROWSER}</arg>
<arg>remote_url=http://192.168.1.7:4444</arg>
<doc>Opens a new browser instance to the optional ``url``.</doc>
<msg timestamp="20221119 03:27:54.245" level="INFO">Opening browser 'chrome' to base url 'about:blank' through remote server at 'http://192.168.1.7:4444'.</msg>
<status status="PASS" starttime="20221119 03:27:54.243" endtime="20221119 03:27:58.555"/>
</kw>
<status status="PASS" starttime="20221119 03:27:54.242" endtime="20221119 03:27:58.555"/>
</kw>
<test id="s1-s1-t1" name="Caso de Teste 01: Validar Home Page" line="13">
<kw name="Validar &quot;titulo&quot; da home page" library="kws_homePage" sourcename="Validar ${TITULO} da home page">
<kw name="Go To" library="SeleniumLibrary">
<arg>${URL_HOME_PAGE}</arg>
<doc>Navigates the current browser window to the provided ``url``.</doc>
<msg timestamp="20221119 03:27:58.562" level="INFO">Opening url 'https://www.magazineluiza.com.br/'</msg>
<status status="PASS" starttime="20221119 03:27:58.561" endtime="20221119 03:28:21.689"/>
</kw>
<kw name="Title Should Be" library="SeleniumLibrary">
<arg>title=${HOME_TITLE}</arg>
<doc>Verifies that the current page title equals ``title``.</doc>
<msg timestamp="20221119 03:28:22.058" level="INFO">Page title is 'Magazine Luiza | Pra você é Magalu!'.</msg>
<status status="PASS" starttime="20221119 03:28:21.690" endtime="20221119 03:28:22.059"/>
</kw>
<status status="PASS" starttime="20221119 03:27:58.560" endtime="20221119 03:28:22.059"/>
</kw>
<tag>Home_page</tag>
<status status="PASS" starttime="20221119 03:27:58.556" endtime="20221119 03:28:22.059"/>
</test>
<kw name="Fechar o navegador" library="hooks" type="TEARDOWN">
<kw name="Close Browser" library="SeleniumLibrary">
<doc>Closes the current browser.</doc>
<status status="PASS" starttime="20221119 03:28:22.064" endtime="20221119 03:28:23.366"/>
</kw>
<status status="PASS" starttime="20221119 03:28:22.063" endtime="20221119 03:28:23.367"/>
</kw>
<doc>Aqui fica a Suite de teste
Comando para executar: robot -d test/logs test/suite/test.robot</doc>
<status status="PASS" starttime="20221119 03:27:53.667" endtime="20221119 03:28:23.367"/>
</suite>
<status status="PASS" starttime="20221119 03:27:53.621" endtime="20221119 03:28:23.381"/>
</suite>
<statistics>
<total>
<stat pass="1" fail="0" skip="0">All Tests</stat>
</total>
<tag>
<stat pass="1" fail="0" skip="0">Home_page</stat>
</tag>
<suite>
<stat pass="1" fail="0" skip="0" id="s1" name="Suite">Suite</stat>
<stat pass="1" fail="0" skip="0" id="s1-s1" name="Test">Suite.Test</stat>
</suite>
</statistics>
<errors>
</errors>
</robot>
